<?xml version="1.0" encoding="UTF-8"?>
<testsuites name="Testsuite1" time="41" tests="2" failures="0" errors="0">
   <testsuite name="Testsuite1" tests="2" failures="0" errors="0" time="41" timestamp="2017-09-30 21:38:48" hostname="VIKKY$ - Vikky" id="Test Suites/Testsuite1">
      <properties>
         <property name="deviceName" value=""/>
         <property name="devicePlatform" value=""/>
         <property name="logFolder" value="C:\\Users\\Keerthiaradhya\\git\\gitjenk\\Reports\\Testsuite1\\20170930_213836"/>
         <property name="logFiles" value="C:\\Users\\Keerthiaradhya\\git\\gitjenk\\Reports\\Testsuite1\\20170930_213836\\execution0.log"/>
         <property name="attachments" value=""/>
         <property name="hostName" value="VIKKY$ - Vikky"/>
         <property name="os" value="Windows 10 64bit"/>
         <property name="katalonVersion" value="4.8.0.2"/>
         <property name="browser" value="Chrome 61.0.3163.100"/>
         <property name="hostAddress" value="169.254.200.192"/>
         <property name="sessionId" value="81ed6091952fef88611d13a5ccbab617"/>
         <property name="seleniumVersion" value="2.53.0"/>
         <property name="proxyInformation" value="ProxyInformation{proxyOption=NO_PROXY, proxyServerType=, password=, proxyServerAddress=, proxyServerPort=0}"/>
         <property name="platform" value="Windows 10"/>
      </properties>
      <testcase name="Test Cases/Test1" classname="Test Cases/Test1" status="PASSED">
         <system-out><![CDATA[2017-09-30 21:38:48 - [TEST_CASE][PASSED] - Test Cases/Test1: Test Cases/Test1

2017-09-30 21:38:49 - [TEST_STEP][PASSED] - openBrowser: Browser is opened with url: ''

2017-09-30 21:38:54 - [MESSAGE][PASSED] - Browser is opened with url: ''

2017-09-30 21:38:54 - [TEST_STEP][PASSED] - navigateToUrl: Navigate to 'http://google.com' successfully

2017-09-30 21:38:58 - [MESSAGE][PASSED] - Navigate to 'http://google.com' successfully

2017-09-30 21:38:58 - [TEST_STEP][PASSED] - closeBrowser: Browser is closed

2017-09-30 21:39:00 - [MESSAGE][PASSED] - Browser is closed]]></system-out>
         <system-err><![CDATA[]]></system-err>
      </testcase>
      <testcase name="Test Cases/Test2" classname="Test Cases/Test2" status="PASSED">
         <system-out><![CDATA[2017-09-30 21:39:00 - [TEST_CASE][PASSED] - Test Cases/Test2: Test Cases/Test2

2017-09-30 21:39:00 - [TEST_STEP][PASSED] - openBrowser: Browser is opened with url: ''

2017-09-30 21:39:03 - [MESSAGE][PASSED] - Browser is opened with url: ''

2017-09-30 21:39:03 - [TEST_STEP][PASSED] - navigateToUrl: Navigate to 'http://yahoo.com' successfully

2017-09-30 21:39:28 - [MESSAGE][PASSED] - Navigate to 'http://yahoo.com' successfully]]></system-out>
         <system-err><![CDATA[]]></system-err>
      </testcase>
      <system-out><![CDATA[2017-09-30 21:38:48 - [TEST_SUITE][PASSED] - Testsuite1: Test Cases/Test2]]></system-out>
      <system-err><![CDATA[]]></system-err>
   </testsuite>
</testsuites>
